# JRE version: Java(TM) SE Runtime Environment (8.0_171-b11) (build 1.8.0_171-b11)
# Java VM: Java HotSpot(TM) 64-Bit Server VM (25.171-b11 mixed mode windows-amd64 compressed oops)
Heap:
 PSYoungGen      total 286208K, used 69465K [0x000000076ae00000, 0x000000077de00000, 0x00000007c0000000)
  eden space 262144K, 20% used [0x000000076ae00000,0x000000076e243100,0x000000077ae00000)
  from space 24064K, 66% used [0x000000077c680000,0x000000077d613498,0x000000077de00000)
  to   space 24576K, 0% used [0x000000077ae00000,0x000000077ae00000,0x000000077c600000)
 ParOldGen       total 175104K, used 32967K [0x00000006c0a00000, 0x00000006cb500000, 0x000000076ae00000)
  object space 175104K, 18% used [0x00000006c0a00000,0x00000006c2a31fb0,0x00000006cb500000)
 Metaspace       used 11560K, capacity 11811K, committed 12160K, reserved 1060864K
  class space    used 964K, capacity 1048K, committed 1152K, reserved 1048576K
GC Heap History (10 events):
Event: 2.209 GC heap before
{Heap before GC invocations=2 (full 0):
 PSYoungGen      total 76288K, used 76259K [0x000000076ae00000, 0x0000000770300000, 0x00000007c0000000)
  eden space 65536K, 100% used [0x000000076ae00000,0x000000076ee00000,0x000000076ee00000)
  from space 10752K, 99% used [0x000000076ee00000,0x000000076f878c58,0x000000076f880000)
  to   space 10752K, 0% used [0x000000076f880000,0x000000076f880000,0x0000000770300000)
 ParOldGen       total 175104K, used 9831K [0x00000006c0a00000, 0x00000006cb500000, 0x000000076ae00000)
  object space 175104K, 5% used [0x00000006c0a00000,0x00000006c1399fb0,0x00000006cb500000)
 Metaspace       used 10725K, capacity 11001K, committed 11264K, reserved 1058816K
  class space    used 923K, capacity 1015K, committed 1024K, reserved 1048576K
Event: 2.214 GC heap after
Heap after GC invocations=2 (full 0):
 PSYoungGen      total 76288K, used 10743K [0x000000076ae00000, 0x0000000774300000, 0x00000007c0000000)
  eden space 65536K, 0% used [0x000000076ae00000,0x000000076ae00000,0x000000076ee00000)
  from space 10752K, 99% used [0x000000076f880000,0x00000007702fddf8,0x0000000770300000)
  to   space 10752K, 0% used [0x000000076ee00000,0x000000076ee00000,0x000000076f880000)
 ParOldGen       total 175104K, used 11343K [0x00000006c0a00000, 0x00000006cb500000, 0x000000076ae00000)
  object space 175104K, 6% used [0x00000006c0a00000,0x00000006c1513fb0,0x00000006cb500000)
 Metaspace       used 10725K, capacity 11001K, committed 11264K, reserved 1058816K
  class space    used 923K, capacity 1015K, committed 1024K, reserved 1048576K
}
Event: 2.262 GC heap before
{Heap before GC invocations=3 (full 0):
 PSYoungGen      total 76288K, used 76279K [0x000000076ae00000, 0x0000000774300000, 0x00000007c0000000)
  eden space 65536K, 100% used [0x000000076ae00000,0x000000076ee00000,0x000000076ee00000)
  from space 10752K, 99% used [0x000000076f880000,0x00000007702fddf8,0x0000000770300000)
  to   space 10752K, 0% used [0x000000076ee00000,0x000000076ee00000,0x000000076f880000)
 ParOldGen       total 175104K, used 11343K [0x00000006c0a00000, 0x00000006cb500000, 0x000000076ae00000)
  object space 175104K, 6% used [0x00000006c0a00000,0x00000006c1513fb0,0x00000006cb500000)
 Metaspace       used 10726K, capacity 11001K, committed 11264K, reserved 1058816K
  class space    used 923K, capacity 1015K, committed 1024K, reserved 1048576K
Event: 2.268 GC heap after
Heap after GC invocations=3 (full 0):
 PSYoungGen      total 76288K, used 10751K [0x000000076ae00000, 0x0000000774300000, 0x00000007c0000000)
  eden space 65536K, 0% used [0x000000076ae00000,0x000000076ae00000,0x000000076ee00000)
  from space 10752K, 99% used [0x000000076ee00000,0x000000076f87fd70,0x000000076f880000)
  to   space 10752K, 0% used [0x0000000773880000,0x0000000773880000,0x0000000774300000)
 ParOldGen       total 175104K, used 15295K [0x00000006c0a00000, 0x00000006cb500000, 0x000000076ae00000)
  object space 175104K, 8% used [0x00000006c0a00000,0x00000006c18effb0,0x00000006cb500000)
 Metaspace       used 10726K, capacity 11001K, committed 11264K, reserved 1058816K
  class space    used 923K, capacity 1015K, committed 1024K, reserved 1048576K
}
Event: 2.299 GC heap before
{Heap before GC invocations=4 (full 0):
 PSYoungGen      total 76288K, used 76287K [0x000000076ae00000, 0x0000000774300000, 0x00000007c0000000)
  eden space 65536K, 100% used [0x000000076ae00000,0x000000076ee00000,0x000000076ee00000)
  from space 10752K, 99% used [0x000000076ee00000,0x000000076f87fd70,0x000000076f880000)
  to   space 10752K, 0% used [0x0000000773880000,0x0000000773880000,0x0000000774300000)
 ParOldGen       total 175104K, used 15295K [0x00000006c0a00000, 0x00000006cb500000, 0x000000076ae00000)
  object space 175104K, 8% used [0x00000006c0a00000,0x00000006c18effb0,0x00000006cb500000)
 Metaspace       used 10726K, capacity 11001K, committed 11264K, reserved 1058816K
  class space    used 923K, capacity 1015K, committed 1024K, reserved 1048576K
Event: 2.306 GC heap after
Heap after GC invocations=4 (full 0):
 PSYoungGen      total 141824K, used 10729K [0x000000076ae00000, 0x0000000774300000, 0x00000007c0000000)
  eden space 131072K, 0% used [0x000000076ae00000,0x000000076ae00000,0x0000000772e00000)
  from space 10752K, 99% used [0x0000000773880000,0x00000007742fa708,0x0000000774300000)
  to   space 10752K, 0% used [0x0000000772e00000,0x0000000772e00000,0x0000000773880000)
 ParOldGen       total 175104K, used 19503K [0x00000006c0a00000, 0x00000006cb500000, 0x000000076ae00000)
  object space 175104K, 11% used [0x00000006c0a00000,0x00000006c1d0bfb0,0x00000006cb500000)
 Metaspace       used 10726K, capacity 11001K, committed 11264K, reserved 1058816K
  class space    used 923K, capacity 1015K, committed 1024K, reserved 1048576K
}
Event: 2.451 GC heap before
{Heap before GC invocations=5 (full 0):
 PSYoungGen      total 141824K, used 141801K [0x000000076ae00000, 0x0000000774300000, 0x00000007c0000000)
  eden space 131072K, 100% used [0x000000076ae00000,0x0000000772e00000,0x0000000772e00000)
  from space 10752K, 99% used [0x0000000773880000,0x00000007742fa708,0x0000000774300000)
  to   space 10752K, 0% used [0x0000000772e00000,0x0000000772e00000,0x0000000773880000)
 ParOldGen       total 175104K, used 19503K [0x00000006c0a00000, 0x00000006cb500000, 0x000000076ae00000)
  object space 175104K, 11% used [0x00000006c0a00000,0x00000006c1d0bfb0,0x00000006cb500000)
 Metaspace       used 10734K, capacity 11005K, committed 11264K, reserved 1058816K
  class space    used 923K, capacity 1015K, committed 1024K, reserved 1048576K
Event: 2.462 GC heap after
Heap after GC invocations=5 (full 0):
 PSYoungGen      total 141824K, used 10742K [0x000000076ae00000, 0x000000077df00000, 0x00000007c0000000)
  eden space 131072K, 0% used [0x000000076ae00000,0x000000076ae00000,0x0000000772e00000)
  from space 10752K, 99% used [0x0000000772e00000,0x000000077387d8e8,0x0000000773880000)
  to   space 25088K, 0% used [0x000000077c680000,0x000000077c680000,0x000000077df00000)
 ParOldGen       total 175104K, used 32959K [0x00000006c0a00000, 0x00000006cb500000, 0x000000076ae00000)
  object space 175104K, 18% used [0x00000006c0a00000,0x00000006c2a2ffb0,0x00000006cb500000)
 Metaspace       used 10734K, capacity 11005K, committed 11264K, reserved 1058816K
  class space    used 923K, capacity 1015K, committed 1024K, reserved 1048576K
}
Event: 2.536 GC heap before
{Heap before GC invocations=6 (full 0):
 PSYoungGen      total 141824K, used 141814K [0x000000076ae00000, 0x000000077df00000, 0x00000007c0000000)
  eden space 131072K, 100% used [0x000000076ae00000,0x0000000772e00000,0x0000000772e00000)
  from space 10752K, 99% used [0x0000000772e00000,0x000000077387d8e8,0x0000000773880000)
  to   space 25088K, 0% used [0x000000077c680000,0x000000077c680000,0x000000077df00000)
 ParOldGen       total 175104K, used 32959K [0x00000006c0a00000, 0x00000006cb500000, 0x000000076ae00000)
  object space 175104K, 18% used [0x00000006c0a00000,0x00000006c2a2ffb0,0x00000006cb500000)
 Metaspace       used 10734K, capacity 11005K, committed 11264K, reserved 1058816K
  class space    used 923K, capacity 1015K, committed 1024K, reserved 1048576K
Event: 2.543 GC heap after
Heap after GC invocations=6 (full 0):
 PSYoungGen      total 286208K, used 15949K [0x000000076ae00000, 0x000000077de00000, 0x00000007c0000000)
  eden space 262144K, 0% used [0x000000076ae00000,0x000000076ae00000,0x000000077ae00000)
  from space 24064K, 66% used [0x000000077c680000,0x000000077d613498,0x000000077de00000)
  to   space 24576K, 0% used [0x000000077ae00000,0x000000077ae00000,0x000000077c600000)
 ParOldGen       total 175104K, used 32967K [0x00000006c0a00000, 0x00000006cb500000, 0x000000076ae00000)
  object space 175104K, 18% used [0x00000006c0a00000,0x00000006c2a31fb0,0x00000006cb500000)
 Metaspace       used 10734K, capacity 11005K, committed 11264K, reserved 1058816K
  class space    used 923K, capacity 1015K, committed 1024K, reserved 1048576K
}

